h-point: mean=   5.5509962012551310E+04 min=   4.4638236223363012E+04 max=   6.6141276139327354E+04 MOM_grid_init/set_grid_metrics: dxT
h-point: c=      9457 sw=      9318 se=      9318 nw=      9586 ne=      9586 MOM_grid_init/set_grid_metrics: dxT
u-point: mean=   5.5509962012551310E+04 min=   4.4644213406866154E+04 max=   6.6141276139327354E+04 MOM_grid_init/set_grid_metrics: dxCu
u-point: c=      9464 sw=      9328 se=      9328 nw=      9612 ne=      9612 MOM_grid_init/set_grid_metrics: dxCu
v-point: mean=   5.4695832128595408E+04 min=   4.3878562298718964E+04 max=   6.5358738011414993E+04 MOM_grid_init/set_grid_metrics: dxCv
v-point: c=     10056 sw=     10028 se=     10028 nw=      9858 ne=      9858 MOM_grid_init/set_grid_metrics: dxCv
B-point: mean=   5.4695832128595408E+04 min=   4.3886297085606268E+04 max=   6.5358738011414993E+04 MOM_grid_init/set_grid_metrics: dxBu
B-point: c=     10076 sw=     10032 se=     10032 nw=      9905 ne=      9905 MOM_grid_init/set_grid_metrics: dxBu
h-point: mean=   1.0873301522372600E+05 min=   8.4884909268876130E+04 max=   1.1119492664455873E+05 MOM_grid_init/set_grid_metrics: dyT
h-point: c=     10659 sw=     10578 se=     10578 nw=     10576 ne=     10576 MOM_grid_init/set_grid_metrics: dyT
u-point: mean=   1.0867245862813601E+05 min=   8.4317110384181375E+04 max=   1.1119492664455873E+05 MOM_grid_init/set_grid_metrics: dyCu
u-point: c=     10617 sw=     10575 se=     10575 nw=     10556 ne=     10551 MOM_grid_init/set_grid_metrics: dyCu
v-point: mean=   1.0809987601495361E+05 min=   8.4092437960605690E+04 max=   1.1119492664455873E+05 MOM_grid_init/set_grid_metrics: dyCv
v-point: c=     10270 sw=     10179 se=     10179 nw=     10229 ne=     10229 MOM_grid_init/set_grid_metrics: dyCv
B-point: mean=   1.0802506396695277E+05 min=   8.3537971850064787E+04 max=   1.1119492664455873E+05 MOM_grid_init/set_grid_metrics: dyBu
B-point: c=     10347 sw=     10268 se=     10268 nw=     10285 ne=     10288 MOM_grid_init/set_grid_metrics: dyBu
h-point: mean=   1.8283974641123655E-05 min=   1.5119151887748410E-05 max=   2.2402318832584483E-05 MOM_grid_init/set_grid_metrics: IdxT
h-point: c=     10910 sw=     10868 se=     10868 nw=     10878 ne=     10878 MOM_grid_init/set_grid_metrics: IdxT
u-point: mean=   1.8283972853974013E-05 min=   1.5119151887748410E-05 max=   2.2399319501644593E-05 MOM_grid_init/set_grid_metrics: IdxCu
u-point: c=     10919 sw=     10872 se=     10872 nw=     10894 ne=     10894 MOM_grid_init/set_grid_metrics: IdxCu
v-point: mean=   1.8563660710973225E-05 min=   1.5300173020864457E-05 max=   2.2790172412490257E-05 MOM_grid_init/set_grid_metrics: IdxCv
v-point: c=     10679 sw=     10705 se=     10705 nw=     10734 ne=     10734 MOM_grid_init/set_grid_metrics: IdxCv
B-point: mean=   1.8563657158768065E-05 min=   1.5300173020864457E-05 max=   2.2786155734428044E-05 MOM_grid_init/set_grid_metrics: IdxBu
B-point: c=     10706 sw=     10693 se=     10693 nw=     10759 ne=     10759 MOM_grid_init/set_grid_metrics: IdxBu
h-point: mean=   9.2279657235626042E-06 min=   8.9932160591873057E-06 max=   1.1780656993252623E-05 MOM_grid_init/set_grid_metrics: IdyT
h-point: c=      9615 sw=      9461 se=      9461 nw=      9778 ne=      9778 MOM_grid_init/set_grid_metrics: IdyT
u-point: mean=   9.2349003142173550E-06 min=   8.9932160591873057E-06 max=   1.1859988980215441E-05 MOM_grid_init/set_grid_metrics: IdyCu
u-point: c=      9625 sw=      9469 se=      9469 nw=      9745 ne=      9747 MOM_grid_init/set_grid_metrics: IdyCu
v-point: mean=   9.2866025451809952E-06 min=   8.9932160591873057E-06 max=   1.1891675687515022E-05 MOM_grid_init/set_grid_metrics: IdyCv
v-point: c=      9302 sw=      9175 se=      9175 nw=      9468 ne=      9468 MOM_grid_init/set_grid_metrics: IdyCv
B-point: mean=   9.2949829090526665E-06 min=   8.9932160591873057E-06 max=   1.1970604239648229E-05 MOM_grid_init/set_grid_metrics: IdyBu
B-point: c=      9298 sw=      9148 se=      9148 nw=      9467 ne=      9462 MOM_grid_init/set_grid_metrics: IdyBu
h-point: mean=   6.0595850375821590E+09 min=   3.8251556893723106E+09 max=   7.3544810017013111E+09 MOM_grid_init/set_grid_metrics: areaT
h-point: c=      9935 sw=      9888 se=      9888 nw=      9904 ne=      9904 MOM_grid_init/set_grid_metrics: areaT
B-point: mean=   5.9413422910862265E+09 min=   3.7578639545332618E+09 max=   7.2674678363865833E+09 MOM_grid_init/set_grid_metrics: areaBu
B-point: c=     10320 sw=     10426 se=     10426 nw=     10312 ne=     10312 MOM_grid_init/set_grid_metrics: areaBu
h-point: mean=   1.6955597691272190E-10 min=   1.3597152535558527E-10 max=   2.6142726759550407E-10 MOM_grid_init/set_grid_metrics: IareaT
h-point: c=     10557 sw=     10570 se=     10570 nw=     10622 ne=     10622 MOM_grid_init/set_grid_metrics: IareaT
B-point: mean=   1.7338818316162458E-10 min=   1.3759950817989508E-10 max=   2.6610862237140329E-10 MOM_grid_init/set_grid_metrics: IareaBu
B-point: c=     10479 sw=     10376 se=     10376 nw=     10653 ne=     10653 MOM_grid_init/set_grid_metrics: IareaBu
h-point: mean=   1.7503475013357615E+01 min=   6.5000000000000000E+00 max=   2.8553612013260356E+01 MOM_grid_init/set_grid_metrics: geoLonT
h-point: c=      2671 sw=      2143 se=      2143 nw=      3218 ne=      3218 MOM_grid_init/set_grid_metrics: geoLonT
h-point: mean=   5.9974793403301049E+01 min=   5.3500000000000028E+01 max=   6.6375992131128214E+01 MOM_grid_init/set_grid_metrics: geoLatT
h-point: c=      4845 sw=      4349 se=      4349 nw=      5303 ne=      5303 MOM_grid_init/set_grid_metrics: geoLatT
B-point: mean=   1.8007089134029449E+01 min=   7.0000000000000000E+00 max=   2.9096683307198898E+01 MOM_grid_init/set_grid_metrics: geoLonBu
B-point: c=      2767 sw=      2203 se=      2234 nw=      3289 ne=      3323 MOM_grid_init/set_grid_metrics: geoLonBu
B-point: mean=   6.0462234304915164E+01 min=   5.4000000000000014E+01 max=   6.6831541298956992E+01 MOM_grid_init/set_grid_metrics: geoLatBu
B-point: c=      5389 sw=      4897 se=      4889 nw=      5919 ne=      5906 MOM_grid_init/set_grid_metrics: geoLatBu
u-point: mean=   1.8003516908983610E+01 min=   7.0000000000000000E+00 max=   2.9053818980936146E+01 MOM_grid_init/set_grid_metrics: geoLonCu
u-point: c=      2379 sw=      1819 se=      1863 nw=      2885 ne=      2924 MOM_grid_init/set_grid_metrics: geoLonCu
u-point: mean=   5.9974239792373474E+01 min=   5.3500000000000028E+01 max=   6.6372404181127195E+01 MOM_grid_init/set_grid_metrics: geoLatCu
u-point: c=      4844 sw=      4343 se=      4343 nw=      5313 ne=      5324 MOM_grid_init/set_grid_metrics: geoLatCu
v-point: mean=   1.7507004738918205E+01 min=   6.5000000000000000E+00 max=   2.8596312755038007E+01 MOM_grid_init/set_grid_metrics: geoLonCv
v-point: c=      3075 sw=      2504 se=      2504 nw=      3596 ne=      3596 MOM_grid_init/set_grid_metrics: geoLonCv
v-point: mean=   6.0463057289693957E+01 min=   5.4000000000000014E+01 max=   6.6836271193307113E+01 MOM_grid_init/set_grid_metrics: geoLatCv
v-point: c=      5384 sw=      4898 se=      4898 nw=      5881 ne=      5881 MOM_grid_init/set_grid_metrics: geoLatCv
h-point: mean=   3.4764217548709652E+01 min=   2.5000000000000000E-01 max=   6.0845986278669238E+02 MOM_initialize_fixed: depth
h-point: c=      4125 sw=      3972 se=      3972 nw=      4125 ne=      4125 MOM_initialize_fixed: depth
h-point: mean=   3.0434782608695654E-01 min=   0.0000000000000000E+00 max=   1.0000000000000000E+00 MOM_initialize_fixed: mask2dT
h-point: c=       980 MOM_initialize_fixed: mask2dT
u-point: mean=   2.1118012422360249E-01 min=   0.0000000000000000E+00 max=   1.0000000000000000E+00 MOM_initialize_fixed: mask2dCu
u-point: c=       680 MOM_initialize_fixed: mask2dCu
v-point: mean=   1.8322981366459629E-01 min=   0.0000000000000000E+00 max=   1.0000000000000000E+00 MOM_initialize_fixed: mask2dCv
v-point: c=       590 MOM_initialize_fixed: mask2dCv
B-point: mean=   9.3167701863354033E-02 min=   0.0000000000000000E+00 max=   1.0000000000000000E+00 MOM_initialize_fixed: mask2dBu
B-point: c=       300 MOM_initialize_fixed: mask2dBu
B-point: mean=   1.2658191967894960E-04 min=   1.1798865649363110E-04 max=   1.3408014383506456E-04 MOM_initialize_fixed: f
B-point: c=      9837 MOM_initialize_fixed: f
h-point: mean=  -2.4753068786641188E-14 min=  -3.5449604694360989E-13 max=   0.0000000000000000E+00 MOM_initialize_fixed: dF_dx
h-point: c=      1502 MOM_initialize_fixed: dF_dx
h-point: mean=   1.1426313557175956E-11 min=   9.1720841821108931E-12 max=   1.3616236666566440E-11 MOM_initialize_fixed: dF_dy
h-point: c=     10459 MOM_initialize_fixed: dF_dy

WARNING: MOM_file_parser : COORD_FILE over-ridden.  Line: 'COORD_FILE = "Layer_coord50.nc"' in file MOM_override.

                       MOM_initialize_coord: Rlay     5.1684802000000003E+04         1293
                    MOM_initialize_coord: g_prime     1.0062545314009663E+01         1628
h-point: mean=   6.9252020529556380E-01 min=   2.4800250193083846E-04 max=   8.6006849115988942E+01 MOM_initialize_state: h
h-point: c=    535171 sw=    550234 se=    550234 nw=    548999 ne=    548999 MOM_initialize_state: h
h-point: mean=   1.0974005622949972E+00 min=  -3.4529584681695941E-01 max=   7.6195324505418736E+00 MOM_initialize_state: T
h-point: c=    144822 sw=    135252 se=    135252 nw=    141699 ne=    141699 MOM_initialize_state: T
h-point: mean=   5.7108294450340509E+00 min=   0.0000000000000000E+00 max=   3.5191052990650277E+01 MOM_initialize_state: S
h-point: c=    135219 sw=    126067 se=    126067 nw=    132463 ne=    132463 MOM_initialize_state: S

WARNING: MOM_file_parser : ENERGYSAVEDAYS over-ridden.  Line: 'ENERGYSAVEDAYS = 1' in file MOM_override.

h-point: mean=   6.9252020529556380E-01 min=   2.4800250193083846E-04 max=   8.6006849115988942E+01 Before steps h
h-point: c=    535171 sw=    550234 se=    550234 nw=    548999 ne=    548999 Before steps h
u-point: mean=  -7.8881987577639747E+33 min=  -9.9999999999999995E+33 max=   2.5663562398018203E-01 Pre-ALE 1 u
u-point: c=    544922 sw=    506047 se=    506047 nw=    505822 ne=    505822 Pre-ALE 1 u
v-point: mean=  -8.1677018633540374E+33 min=  -9.9999999999999995E+33 max=   1.6396398794637856E-01 Pre-ALE 1 v
v-point: c=    545414 sw=    506314 se=    506314 nw=    506435 ne=    506435 Pre-ALE 1 v
h-point: mean=  -6.9565217391304342E+33 min=  -9.9999999999999995E+33 max=   8.6009083069783827E+01 Pre-ALE 1 h
h-point: c=    534608 sw=    549597 se=    549597 nw=    548660 ne=    548660 Pre-ALE 1 h
h-point: mean=  -6.9565217391304342E+33 min=  -9.9999999999999995E+33 max=   7.5758953495750516E+00 Pre-ALE 1 T
h-point: c=    525858 sw=    488639 se=    488639 nw=    486883 ne=    486883 Pre-ALE 1 T
h-point: mean=  -6.9565217391304342E+33 min=  -9.9999999999999995E+33 max=   3.5190359769723926E+01 Pre-ALE 1 S
h-point: c=    514750 sw=    478125 se=    478125 nw=    476364 ne=    476364 Pre-ALE 1 S
h-point: mean=  -6.9565217391304342E+33 min=  -9.9999999999999995E+33 max=   7.5758953495750516E+00 Post-ALE 1 T
h-point: c=    525589 sw=    488367 se=    488361 nw=    486647 ne=    486585 Post-ALE 1 T
h-point: mean=  -6.9565217391304342E+33 min=  -9.9999999999999995E+33 max=   3.5190345339779270E+01 Post-ALE 1 S
h-point: c=    514832 sw=    478293 se=    478264 nw=    476515 ne=    476472 Post-ALE 1 S
h-point: mean=  -6.9565217391304342E+33 min=  -9.9999999999999995E+33 max=   7.5758953495750516E+00 Before tracer diffusion T
h-point: c=    525442 Before tracer diffusion T
h-point: mean=  -6.9565217391304342E+33 min=  -9.9999999999999995E+33 max=   3.5190358608971145E+01 Before tracer diffusion S
h-point: c=    514878 Before tracer diffusion S
h-point: mean=  -6.8154553415891694E-01 min=  -1.0000000000000000E+00 max=   8.4931506849200145E-02 Before tracer diffusion age
h-point: c=    279699 Before tracer diffusion age
h-point: mean=   3.3480519809083544E-03 min=   0.0000000000000000E+00 max=   3.2188739357775253E-01 Before tracer diffusion tr1
h-point: c=    127335 Before tracer diffusion tr1
h-point: mean=   3.3480519809083544E-03 min=   0.0000000000000000E+00 max=   3.2188739357775253E-01 Before tracer diffusion tr2
h-point: c=    127335 Before tracer diffusion tr2
h-point: mean=   3.3480519809083544E-03 min=   0.0000000000000000E+00 max=   3.2188739357775253E-01 Before tracer diffusion tr3
h-point: c=    127335 Before tracer diffusion tr3
h-point: mean=   3.3480519809083544E-03 min=   0.0000000000000000E+00 max=   3.2188739357775253E-01 Before tracer diffusion tr4
h-point: c=    127335 Before tracer diffusion tr4
h-point: mean=   3.3480519809083544E-03 min=   0.0000000000000000E+00 max=   3.2188739357775253E-01 Before tracer diffusion tr5
h-point: c=    127335 Before tracer diffusion tr5
h-point: mean=   3.3480519809083544E-03 min=   0.0000000000000000E+00 max=   3.2188739357775253E-01 Before tracer diffusion tr6
h-point: c=    127335 Before tracer diffusion tr6
h-point: mean=   3.3480519809083544E-03 min=   0.0000000000000000E+00 max=   3.2188739357775253E-01 Before tracer diffusion tr7
h-point: c=    127335 Before tracer diffusion tr7
h-point: mean=   3.3480519809083544E-03 min=   0.0000000000000000E+00 max=   3.2188739357775253E-01 Before tracer diffusion tr8
h-point: c=    127335 Before tracer diffusion tr8
h-point: mean=   3.3480519809083544E-03 min=   0.0000000000000000E+00 max=   3.2188739357775253E-01 Before tracer diffusion tr9
h-point: c=    127335 Before tracer diffusion tr9
h-point: mean=   3.3480519809083544E-03 min=   0.0000000000000000E+00 max=   3.2188739357775253E-01 Before tracer diffusion tr10
h-point: c=    127335 Before tracer diffusion tr10
h-point: mean=   3.3480519809083544E-03 min=   0.0000000000000000E+00 max=   3.2188739357775253E-01 Before tracer diffusion tr11
h-point: c=    127335 Before tracer diffusion tr11
h-point: mean=  -6.9565217391304342E+33 min=  -9.9999999999999995E+33 max=   7.5750759708297339E+00 After tracer diffusion T
h-point: c=    526209 After tracer diffusion T
h-point: mean=  -6.9565217391304342E+33 min=  -9.9999999999999995E+33 max=   3.5190358600671701E+01 After tracer diffusion S
h-point: c=    514905 After tracer diffusion S
h-point: mean=  -6.8154561651741896E-01 min=  -1.0000000000000000E+00 max=   8.4931506849200145E-02 After tracer diffusion age
h-point: c=    279525 After tracer diffusion age
h-point: mean=   3.3486366250710269E-03 min=   0.0000000000000000E+00 max=   3.2125719754283016E-01 After tracer diffusion tr1
h-point: c=    127240 After tracer diffusion tr1
h-point: mean=   3.3486366250710269E-03 min=   0.0000000000000000E+00 max=   3.2125719754283016E-01 After tracer diffusion tr2
h-point: c=    127240 After tracer diffusion tr2
h-point: mean=   3.3486366250710269E-03 min=   0.0000000000000000E+00 max=   3.2125719754283016E-01 After tracer diffusion tr3
h-point: c=    127240 After tracer diffusion tr3
h-point: mean=   3.3486366250710269E-03 min=   0.0000000000000000E+00 max=   3.2125719754283016E-01 After tracer diffusion tr4
h-point: c=    127240 After tracer diffusion tr4
h-point: mean=   3.3486366250710269E-03 min=   0.0000000000000000E+00 max=   3.2125719754283016E-01 After tracer diffusion tr5
h-point: c=    127240 After tracer diffusion tr5
h-point: mean=   3.3486366250710269E-03 min=   0.0000000000000000E+00 max=   3.2125719754283016E-01 After tracer diffusion tr6
h-point: c=    127240 After tracer diffusion tr6
h-point: mean=   3.3486366250710269E-03 min=   0.0000000000000000E+00 max=   3.2125719754283016E-01 After tracer diffusion tr7
h-point: c=    127240 After tracer diffusion tr7
h-point: mean=   3.3486366250710269E-03 min=   0.0000000000000000E+00 max=   3.2125719754283016E-01 After tracer diffusion tr8
h-point: c=    127240 After tracer diffusion tr8
h-point: mean=   3.3486366250710269E-03 min=   0.0000000000000000E+00 max=   3.2125719754283016E-01 After tracer diffusion tr9
h-point: c=    127240 After tracer diffusion tr9
h-point: mean=   3.3486366250710269E-03 min=   0.0000000000000000E+00 max=   3.2125719754283016E-01 After tracer diffusion tr10
h-point: c=    127240 After tracer diffusion tr10
h-point: mean=   3.3486366250710269E-03 min=   0.0000000000000000E+00 max=   3.2125719754283016E-01 After tracer diffusion tr11
h-point: c=    127240 After tracer diffusion tr11
